\BOOKMARK [1][-]{section.1}{\376\377\000P\000r\000e\000a\000m\000b\000o\000l\000o}{}% 1
\BOOKMARK [1][-]{section.2}{\376\377\000C\000o\000s\000a\000\040\000c\000'\000\350\000\040\000s\000u\000\040\000e\000-\000l\000e\000a\000n\000i\000n\000g\000\040\000d\000i\000\040\000F\000r\000a\000n\000c\000e\000s\000c\000o\000\040\000M\000a\000z\000z\000i\000n\000i}{}% 2
\BOOKMARK [1][-]{section.3}{\376\377\000G\000r\000u\000p\000p\000i}{}% 3
\BOOKMARK [2][-]{subsection.3.1}{\376\377\000C\000l\000a\000s\000s\000i\000\040\000d\000i\000\040\000e\000q\000u\000i\000v\000a\000l\000e\000n\000z\000a}{section.3}% 4
\BOOKMARK [2][-]{subsection.3.2}{\376\377\000O\000p\000e\000r\000a\000z\000i\000o\000n\000i\000\040\000f\000r\000a\000\040\000s\000o\000t\000t\000o\000g\000r\000u\000p\000p\000i}{section.3}% 5
\BOOKMARK [2][-]{subsection.3.3}{\376\377\000S\000o\000t\000t\000o\000g\000r\000u\000p\000p\000i\000\040\000d\000i\000\040\000\050\000Z\000,\000\040\000+\000\051}{section.3}% 6
\BOOKMARK [2][-]{subsection.3.4}{\376\377\000G\000r\000u\000p\000p\000i\000\040\000D\000n\000\040\000e\000\040\000C\000n}{section.3}% 7
\BOOKMARK [2][-]{subsection.3.5}{\376\377\000O\000m\000o\000m\000o\000r\000f\000i\000s\000m\000i\000\040\000t\000r\000a\000\040\000g\000r\000u\000p\000p\000i}{section.3}% 8
\BOOKMARK [2][-]{subsection.3.6}{\376\377\000T\000e\000o\000r\000e\000m\000i\000\040\000d\000i\000\040\000i\000s\000o\000m\000o\000r\000f\000i\000s\000m\000o}{section.3}% 9
\BOOKMARK [2][-]{subsection.3.7}{\376\377\000C\000l\000a\000s\000s\000i\000f\000i\000c\000a\000z\000i\000o\000n\000e\000\040\000d\000i\000\040\000g\000r\000u\000p\000p\000i\000\040\000d\000i\000\040\000o\000r\000d\000i\000n\000e\000\040\000"\000p\000i\000c\000c\000o\000l\000o\000"\000\040\000a\000\040\000m\000e\000n\000o\000\040\000d\000i\000\040\000i\000s\000o\000m\000o\000r\000f\000i\000s\000m\000o}{section.3}% 10
\BOOKMARK [2][-]{subsection.3.8}{\376\377\000T\000e\000o\000r\000e\000m\000i\000\040\000s\000u\000l\000l\000a\000\040\000c\000a\000r\000d\000i\000n\000a\000l\000i\000t\000\340\000\040\000d\000e\000i\000\040\000g\000r\000u\000p\000p\000i}{section.3}% 11
\BOOKMARK [2][-]{subsection.3.9}{\376\377\000n\000o\000t\000a\000z\000i\000o\000n\000i\000\040\000i\000n\000\040\000s\000n}{section.3}% 12
\BOOKMARK [2][-]{subsection.3.10}{\376\377\000I\000l\000\040\000s\000o\000t\000t\000o\000g\000r\000u\000p\000p\000o\000\040\000a\000l\000t\000e\000r\000n\000o}{section.3}% 13
\BOOKMARK [2][-]{subsection.3.11}{\376\377\000P\000r\000o\000d\000o\000t\000t\000o\000\040\000d\000i\000r\000e\000t\000t\000o\000\040\000t\000r\000a\000\040\000g\000r\000u\000p\000p\000i}{section.3}% 14
\BOOKMARK [2][-]{subsection.3.12}{\376\377\000P\000r\000o\000d\000o\000t\000t\000o\000\040\000s\000e\000m\000i\000d\000i\000r\000e\000t\000t\000o}{section.3}% 15
\BOOKMARK [2][-]{subsection.3.13}{\376\377\000P\000r\000o\000d\000o\000t\000t\000o\000\040\000s\000e\000m\000i\000d\000i\000r\000e\000t\000t\000o\000\040\000i\000n\000t\000e\000r\000n\000o\000:}{section.3}% 16
\BOOKMARK [1][-]{section.4}{\376\377\000N\000u\000m\000e\000r\000i\000\040\000p\000r\000i\000m\000i\000\040\000e\000\040\000a\000r\000i\000t\000m\000e\000t\000i\000c\000a}{}% 17
\BOOKMARK [2][-]{subsection.4.1}{\376\377\000S\000v\000o\000l\000g\000i\000m\000e\000n\000t\000o\000\040\000e\000s\000e\000r\000c\000i\000z\000i}{section.4}% 18
\BOOKMARK [2][-]{subsection.4.2}{\376\377\000f\000u\000n\000z\000i\000o\000n\000e\000\040\000d\000i\000\040\000E\000u\000l\000e\000r\000o}{section.4}% 19
\BOOKMARK [2][-]{subsection.4.3}{\376\377\000T\000e\000o\000r\000e\000m\000a\000\040\000c\000i\000n\000e\000s\000e\000\040\000d\000e\000l\000\040\000r\000e\000s\000t\000o}{section.4}% 20
\BOOKMARK [2][-]{subsection.4.4}{\376\377\000T\000e\000o\000r\000e\000m\000a\000\040\000d\000i\000\040\000W\000i\000l\000s\000o\000n\000/\000L\000a\000g\000r\000a\000n\000g\000e}{section.4}% 21
\BOOKMARK [2][-]{subsection.4.5}{\376\377\000D\000i\000v\000i\000s\000i\000o\000n\000e\000\040\000E\000u\000c\000l\000i\000d\000e\000a}{section.4}% 22
\BOOKMARK [2][-]{subsection.4.6}{\376\377\000E\000s\000e\000r\000c\000i\000z\000i\000\040\000d\000e\000l\000l\000e\000\040\000s\000c\000h\000e\000d\000e}{section.4}% 23
\BOOKMARK [1][-]{section.5}{\376\377\000A\000z\000i\000o\000n\000i\000\040\000d\000i\000\040\000g\000r\000u\000p\000p\000i}{}% 24
\BOOKMARK [2][-]{subsection.5.1}{\376\377\000T\000o\000r\000n\000i\000a\000m\000o\000\040\000a\000l\000l\000e\000\040\000s\000c\000h\000e\000d\000e}{section.5}% 25
\BOOKMARK [2][-]{subsection.5.2}{\376\377\000A\000z\000i\000o\000n\000e\000\040\000d\000i\000\040\000c\000o\000n\000i\000u\000g\000i\000o}{section.5}% 26
\BOOKMARK [2][-]{subsection.5.3}{\376\377\000C\000l\000a\000s\000s\000i\000\040\000c\000o\000n\000i\000u\000g\000a\000t\000e\000\040\000i\000n\000\040\000S\000n}{section.5}% 27
\BOOKMARK [2][-]{subsection.5.4}{\376\377\000I\000l\000\040\000g\000r\000u\000p\000p\000o\000\040\000p\000-\000S\000y\000l\000o\000w}{section.5}% 28
\BOOKMARK [2][-]{subsection.5.5}{\376\377\000A\000p\000p\000l\000i\000c\000a\000z\000i\000o\000n\000i\000\040\000d\000i\000\040\000S\000y\000l\000o\000w}{section.5}% 29
\BOOKMARK [2][-]{subsection.5.6}{\376\377\000R\000i\000c\000o\000r\000d\000o\000:}{section.5}% 30
\BOOKMARK [2][-]{subsection.5.7}{\376\377\000G\000r\000u\000p\000p\000i\000\040\000d\000i\000\040\000o\000r\000d\000i\000n\000e\000\040\0001\0002}{section.5}% 31
\BOOKMARK [2][-]{subsection.5.8}{\376\377\000S\000t\000u\000d\000i\000a\000r\000e\000\040\000g\000r\000u\000p\000p\000i\000\040\000d\000i\000\040\000o\000r\000d\000i\000n\000e\000\040\0001\0002\000\040\000i\000n\000\040\000c\000u\000i\000\040\000n\0003\000\040\000=\000\040\0001}{section.5}% 32
\BOOKMARK [2][-]{subsection.5.9}{\376\377\000R\000a\000d\000i\000c\000i\000\040\000p\000r\000i\000m\000i\000t\000i\000v\000e}{section.5}% 33
\BOOKMARK [2][-]{subsection.5.10}{\376\377\000R\000i\000c\000o\000r\000d\000o\000\040\000\050\000L\000a\000g\000r\000a\000n\000g\000e\000\051}{section.5}% 34
\BOOKMARK [2][-]{subsection.5.11}{\376\377\000S\000u\000c\000c\000e\000s\000s\000i\000o\000n\000i\000\040\000e\000s\000a\000t\000t\000e\000\040\000c\000o\000r\000t\000e}{section.5}% 35
\BOOKMARK [2][-]{subsection.5.12}{\376\377\000Q\000u\000a\000t\000e\000r\000n\000i\000o\000n\000i}{section.5}% 36
\BOOKMARK [2][-]{subsection.5.13}{\376\377\000G\000r\000u\000p\000p\000i\000\040\000d\000i\000c\000i\000c\000l\000i\000c\000i}{section.5}% 37
\BOOKMARK [2][-]{subsection.5.14}{\376\377\000G\000r\000u\000p\000p\000i\000\040\000s\000e\000m\000p\000l\000i\000c\000i}{section.5}% 38
\BOOKMARK [2][-]{subsection.5.15}{\376\377\000C\000l\000a\000s\000s\000i\000\040\000d\000i\000\040\000c\000o\000n\000i\000u\000g\000i\000o\000\040\000i\000n\000\040\000A\000n}{section.5}% 39
\BOOKMARK [1][-]{section.6}{\376\377\000G\000l\000i\000\040\000a\000n\000e\000l\000l\000i}{}% 40
\BOOKMARK [2][-]{subsection.6.1}{\376\377\000I\000d\000e\000e\000\040\000p\000e\000r\000\040\000g\000l\000i\000\040\000e\000s\000e\000r\000c\000i\000z\000i}{section.6}% 41
\BOOKMARK [2][-]{subsection.6.2}{\376\377\000I\000d\000e\000a\000l\000i}{section.6}% 42
\BOOKMARK [2][-]{subsection.6.3}{\376\377\000C\000a\000r\000a\000t\000t\000e\000r\000i\000s\000t\000i\000c\000a}{section.6}% 43
\BOOKMARK [2][-]{subsection.6.4}{\376\377\000E\000s\000e\000r\000c\000i\000z\000i\000\040\000d\000e\000l\000l\000e\000\040\000s\000c\000h\000e\000d\000e}{section.6}% 44
