\BOOKMARK [1][-]{section.1}{\376\377\000N\000o\000r\000m\000e\000\040\000M\000a\000t\000r\000i\000c\000i\000a\000l\000i}{}% 1
\BOOKMARK [1][-]{section.2}{\376\377\000S\000i\000s\000t\000e\000m\000i\000\040\000L\000i\000n\000e\000a\000r\000i}{}% 2
\BOOKMARK [2][-]{subsection.2.1}{\376\377\000M\000e\000t\000o\000d\000o\000\040\000d\000i\000\040\000e\000l\000i\000m\000i\000n\000a\000z\000i\000o\000n\000e\000\040\000g\000a\000u\000s\000s\000i\000a\000n\000a\000\040\000\050\000M\000E\000G\000\051\000\040\000e\000\040\000f\000a\000t\000t\000o\000r\000i\000z\000z\000a\000z\000i\000o\000n\000e\000\040\000L\000U}{section.2}% 3
\BOOKMARK [2][-]{subsection.2.2}{\376\377\000M\000a\000t\000r\000i\000c\000i\000\040\000t\000r\000i\000d\000i\000a\000g\000o\000n\000a\000l\000i\000\040\000e\000\040\000a\000l\000g\000o\000r\000i\000t\000m\000o\000\040\000d\000i\000\040\000T\000h\000o\000m\000a\000s}{section.2}% 4
\BOOKMARK [2][-]{subsection.2.3}{\376\377\000M\000e\000t\000o\000d\000i\000\040\000i\000t\000e\000r\000a\000t\000i\000v\000i}{section.2}% 5
\BOOKMARK [3][-]{subsubsection.2.3.1}{\376\377\000M\000e\000t\000o\000d\000o\000\040\000d\000i\000\040\000J\000a\000c\000o\000b\000i}{subsection.2.3}% 6
\BOOKMARK [3][-]{subsubsection.2.3.2}{\376\377\000M\000e\000t\000o\000d\000o\000\040\000d\000i\000\040\000G\000a\000u\000s\000s\000-\000S\000e\000i\000d\000e\000l}{subsection.2.3}% 7
\BOOKMARK [3][-]{subsubsection.2.3.3}{\376\377\000M\000e\000t\000o\000d\000o\000\040\000d\000e\000l\000\040\000r\000i\000l\000a\000s\000s\000a\000m\000e\000n\000t\000o\000\040\000s\000u\000c\000c\000e\000s\000s\000i\000v\000o\000\040\000\050\000S\000O\000R\000\051}{subsection.2.3}% 8
\BOOKMARK [3][-]{subsubsection.2.3.4}{\376\377\000U\000n\000\040\000c\000r\000i\000t\000e\000r\000i\000o\000\040\000b\000a\000s\000a\000t\000o\000\040\000s\000u\000l\000\040\000c\000o\000n\000t\000r\000o\000l\000l\000o\000\040\000d\000e\000l\000l\000'\000i\000n\000c\000r\000e\000m\000e\000n\000t\000o}{subsection.2.3}% 9
\BOOKMARK [3][-]{subsubsection.2.3.5}{\376\377\000U\000n\000\040\000c\000r\000i\000t\000e\000r\000i\000o\000\040\000b\000a\000s\000a\000t\000o\000\040\000s\000u\000l\000\040\000c\000o\000n\000t\000r\000o\000l\000l\000o\000\040\000d\000e\000l\000\040\000r\000e\000s\000i\000d\000u\000o}{subsection.2.3}% 10
\BOOKMARK [1][-]{section.3}{\376\377\000S\000i\000s\000t\000e\000m\000i\000\040\000n\000o\000n\000\040\000l\000i\000n\000e\000a\000r\000i}{}% 11
\BOOKMARK [2][-]{subsection.3.1}{\376\377\000I\000l\000\040\000m\000e\000t\000o\000d\000o\000\040\000d\000i\000\040\000N\000e\000w\000t\000o\000n}{section.3}% 12
\BOOKMARK [1][-]{section.4}{\376\377\000I\000n\000t\000e\000r\000p\000o\000l\000a\000i\000o\000n\000e\000\040\000p\000o\000l\000i\000n\000o\000m\000i\000a\000l\000e}{}% 13
\BOOKMARK [2][-]{subsection.4.1}{\376\377\000I\000n\000t\000e\000r\000p\000o\000l\000a\000z\000i\000o\000n\000e\000\040\000p\000o\000l\000i\000n\000o\000m\000i\000a\000l\000e\000\040\000d\000i\000\040\000L\000a\000g\000r\000a\000n\000g\000e}{section.4}% 14
\BOOKMARK [2][-]{subsection.4.2}{\376\377\000F\000o\000r\000m\000a\000\040\000d\000i\000\040\000N\000e\000w\000t\000o\000n}{section.4}% 15
\BOOKMARK [3][-]{subsubsection.4.2.1}{\376\377\000F\000o\000r\000m\000u\000l\000a\000\040\000r\000i\000c\000o\000r\000s\000i\000v\000a\000\040\000p\000e\000r\000\040\000i\000l\000\040\000c\000a\000l\000c\000o\000l\000o\000\040\000d\000e\000l\000l\000e\000\040\000d\000i\000f\000f\000e\000r\000e\000n\000z\000e\000\040\000d\000i\000v\000i\000s\000e}{subsection.4.2}% 16
\BOOKMARK [3][-]{subsubsection.4.2.2}{\376\377\000S\000t\000a\000b\000i\000l\000i\000t\000\340\000\040\000d\000e\000l\000l\000a\000\040\000p\000r\000o\000c\000e\000d\000u\000r\000a}{subsection.4.2}% 17
\BOOKMARK [3][-]{subsubsection.4.2.3}{\376\377\000L\000'\000e\000r\000r\000o\000r\000e\000\040\000d\000i\000\040\000i\000n\000t\000e\000r\000p\000o\000l\000a\000z\000i\000o\000n\000e}{subsection.4.2}% 18
\BOOKMARK [3][-]{subsubsection.4.2.4}{\376\377\000L\000'\000e\000r\000r\000o\000r\000e\000\040\000d\000i\000\040\000i\000n\000t\000e\000r\000p\000o\000l\000a\000z\000i\000o\000n\000e\000\040\000u\000s\000a\000n\000d\000o\000\040\000l\000e\000\040\000d\000i\000f\000f\000e\000r\000e\000n\000z\000e\000\040\000d\000i\000v\000i\000s\000e}{subsection.4.2}% 19
\BOOKMARK [3][-]{subsubsection.4.2.5}{\376\377\000L\000i\000m\000i\000t\000i\000\040\000d\000e\000l\000l\000'\000i\000n\000t\000e\000r\000p\000o\000l\000a\000z\000i\000o\000n\000e\000\040\000p\000o\000l\000i\000n\000o\000m\000i\000a\000l\000e\000\040\000s\000u\000\040\000n\000o\000d\000i\000\040\000e\000q\000u\000i\000d\000i\000s\000t\000a\000n\000z\000i\000a\000t\000i}{subsection.4.2}% 20
\BOOKMARK [2][-]{subsection.4.3}{\376\377\000S\000t\000a\000b\000i\000l\000i\000t\000\340\000\040\000d\000e\000l\000l\000'\000i\000n\000t\000e\000r\000p\000o\000l\000a\000z\000i\000o\000n\000e\000\040\000p\000o\000l\000i\000n\000o\000m\000i\000a\000l\000e}{section.4}% 21
\BOOKMARK [2][-]{subsection.4.4}{\376\377\000I\000n\000t\000e\000r\000p\000o\000l\000a\000z\000i\000o\000n\000e\000\040\000c\000o\000m\000p\000o\000s\000i\000t\000a\000\040\000d\000i\000\040\000L\000a\000g\000r\000a\000n\000g\000e}{section.4}% 22
\BOOKMARK [2][-]{subsection.4.5}{\376\377\000F\000u\000n\000z\000i\000o\000n\000i\000\040\000s\000p\000l\000i\000n\000e}{section.4}% 23
\BOOKMARK [3][-]{subsubsection.4.5.1}{\376\377\000S\000p\000l\000i\000n\000e\000\040\000c\000u\000b\000i\000c\000h\000e\000\040\000i\000n\000t\000e\000r\000p\000o\000l\000a\000t\000o\000r\000i\000e}{subsection.4.5}% 24
\BOOKMARK [1][-]{section.5}{\376\377\000I\000n\000t\000e\000g\000r\000a\000z\000i\000o\000n\000e\000\040\000n\000u\000m\000e\000r\000i\000c\000a}{}% 25
\BOOKMARK [2][-]{subsection.5.1}{\376\377\000F\000o\000r\000m\000u\000l\000e\000\040\000d\000i\000\040\000q\000u\000a\000d\000r\000a\000t\000u\000r\000a\000\040\000i\000n\000t\000e\000r\000p\000o\000l\000a\000t\000o\000r\000i\000e}{section.5}% 26
\BOOKMARK [3][-]{subsubsection.5.1.1}{\376\377\000F\000o\000r\000m\000u\000l\000a\000\040\000p\000u\000n\000t\000o\000\040\000m\000e\000d\000i\000o\000\040\000o\000\040\000d\000e\000l\000\040\000r\000e\000t\000t\000a\000n\000g\000o\000l\000o}{subsection.5.1}% 27
\BOOKMARK [3][-]{subsubsection.5.1.2}{\376\377\000L\000a\000\040\000f\000o\000r\000m\000u\000l\000a\000\040\000d\000e\000l\000\040\000t\000r\000a\000p\000e\000z\000i\000o}{subsection.5.1}% 28
\BOOKMARK [3][-]{subsubsection.5.1.3}{\376\377\000F\000o\000r\000m\000u\000l\000a\000\040\000d\000e\000l\000l\000a\000\040\000p\000a\000r\000a\000b\000o\000l\000a}{subsection.5.1}% 29
\BOOKMARK [2][-]{subsection.5.2}{\376\377\000F\000o\000r\000m\000u\000l\000a\000\040\000d\000i\000\040\000N\000e\000w\000t\000o\000n\000-\000C\000o\000t\000e\000s}{section.5}% 30
\BOOKMARK [2][-]{subsection.5.3}{\376\377\000F\000o\000r\000m\000u\000l\000e\000\040\000d\000i\000\040\000N\000e\000w\000t\000o\000n\000-\000C\000o\000t\000e\000s\000\040\000c\000o\000m\000p\000o\000s\000i\000t\000e}{section.5}% 31
\BOOKMARK [2][-]{subsection.5.4}{\376\377\000L\000'\000e\000s\000t\000r\000a\000p\000o\000l\000a\000z\000i\000o\000n\000e\000\040\000d\000i\000\040\000R\000i\000c\000h\000a\000r\000d\000s\000o\000n}{section.5}% 32
\BOOKMARK [1][-]{section.6}{\376\377\000R\000i\000s\000o\000l\000u\000z\000i\000o\000n\000e\000\040\000n\000u\000m\000e\000r\000i\000c\000a\000\040\000d\000i\000\040\000e\000q\000u\000a\000z\000i\000o\000n\000i\000\040\000d\000i\000f\000f\000e\000r\000e\000n\000z\000i\000a\000l\000i\000\040\000o\000r\000d\000i\000n\000a\000r\000i\000e}{}% 33
\BOOKMARK [2][-]{subsection.6.1}{\376\377\000M\000e\000t\000o\000d\000i\000\040\000n\000u\000m\000e\000r\000i\000c\000i\000\040\000a\000d\000\040\000u\000n\000\040\000p\000a\000s\000s\000o}{section.6}% 34
\BOOKMARK [2][-]{subsection.6.2}{\376\377\000A\000n\000a\000l\000i\000s\000i\000\040\000d\000e\000i\000\040\000m\000e\000t\000o\000d\000i\000\040\000a\000d\000\040\000u\000n\000\040\000p\000a\000s\000s\000o}{section.6}% 35
\BOOKMARK [2][-]{subsection.6.3}{\376\377\000M\000e\000t\000o\000d\000o\000\040\000d\000i\000\040\000R\000u\000n\000g\000e\000-\000K\000u\000t\000t\000a\000\040\000a\000\040\0003\000\040\000s\000t\000a\000d\000i}{section.6}% 36
\BOOKMARK [2][-]{subsection.6.4}{\376\377\000Z\000e\000r\000o\000\040\000s\000t\000a\000b\000i\000l\000i\000t\000\340}{section.6}% 37
\BOOKMARK [2][-]{subsection.6.5}{\376\377\000P\000r\000i\000m\000a\000\040\000b\000a\000r\000r\000i\000e\000r\000a\000\040\000d\000i\000\040\000D\000a\000h\000l\000q\000u\000i\000s\000t\000\040\000p\000e\000r\000\040\000i\000\040\000m\000e\000t\000o\000d\000i\000\040\000a\000d\000\040\000u\000n\000\040\000p\000a\000s\000s\000o\000\040\000l\000i\000n\000e\000a\000r\000i}{section.6}% 38
